<?xml version="1.0" encoding="UTF-8"?>
<!-- Generated by org.testng.reporters.JUnitReportReporter -->
<testsuite skipped="0" hostname="DESKTOP-AV8S3P8" name="com.atmecs.swaglabs.testscript.TestSript" tests="1" failures="0" timestamp="2020-03-31T19:55:15 IST" time="38.927" errors="0">
  <testcase name="login" time="38.927" classname="com.atmecs.swaglabs.testscript.TestSript"/>
  <system-out/>
</testsuite> <!-- com.atmecs.swaglabs.testscript.TestSript -->
